<?xml version="1.0" encoding="UTF-8"?>
<!-- Generated by org.testng.reporters.JUnitXMLReporter -->
<testsuite ignored="2" hostname="Netow-Admin-4" failures="0" tests="1" name="Ibk automation test" time="53.066" errors="0" timestamp="2024-02-13T01:44:22 WAT">
  <testcase classname="testcase.MyFirstTest" name="LoginTest" time="11.871"/>
  <testcase classname="base.BaseTest" name="@AfterTest tearDown" time="0.0">
    <ignored/>
  </testcase> <!-- @AfterTest tearDown -->
  <testcase classname="base.BaseTest" name="@BeforeTest seUp" time="0.0">
    <ignored/>
  </testcase> <!-- @BeforeTest seUp -->
</testsuite> <!-- Ibk automation test -->
