<?xml version="1.0" encoding="UTF-8"?>
<!-- Generated by org.testng.reporters.JUnitXMLReporter -->
<testsuite ignored="0" hostname="Netow-Admin-4" failures="0" tests="6" name="Test" time="396.942" errors="0" timestamp="2024-02-15T17:09:11 WAT">
  <testcase classname="testcase.KongaCart" name="LoginTest" time="45.828"/>
  <testcase classname="testcase.KongaLogin" name="LoginTest" time="28.627"/>
  <testcase classname="testcase.KongaLogin" name="LoginTest" time="31.442"/>
  <testcase classname="testcase.KongaLogin" name="LoginTest" time="27.894"/>
  <testcase classname="testcase.KongaLogin" name="LoginTest" time="27.314"/>
  <testcase classname="testcase.KongaSignUp" name="LoginTest" time="57.266"/>
</testsuite> <!-- Test -->
