<?xml version="1.0" encoding="UTF-8"?>
<!-- Generated by org.testng.reporters.JUnitXMLReporter -->
<testsuite ignored="0" hostname="Netow-Admin-4" failures="0" tests="4" name="Test" time="371.514" errors="0" timestamp="2024-02-13T22:04:39 WAT">
  <testcase classname="testcase.MyFirstTest" name="LoginTest" time="17.241"/>
  <testcase classname="testcase.MyFirstTest" name="LoginTest" time="17.207"/>
  <testcase classname="testcase.MyFirstTest" name="LoginTest" time="16.706"/>
  <testcase classname="testcase.MyFirstTest" name="LoginTest" time="16.794"/>
</testsuite> <!-- Test -->
